[debug] [2021-04-01T14:12:00.107Z] ----------------------------------------------------------------------
[debug] [2021-04-01T14:12:00.111Z] Command:       /Users/rakuraku2563/.anyenv/envs/nodenv/versions/14.4.0/bin/node /Users/rakuraku2563/Desktop/kakeibo/node_modules/.bin/firebase login
[debug] [2021-04-01T14:12:00.112Z] CLI Version:   9.8.0
[debug] [2021-04-01T14:12:00.112Z] Platform:      darwin
[debug] [2021-04-01T14:12:00.112Z] Node Version:  v14.4.0
[debug] [2021-04-01T14:12:00.129Z] Time:          Thu Apr 01 2021 23:12:00 GMT+0900 (日本標準時)
[debug] [2021-04-01T14:12:00.130Z] ----------------------------------------------------------------------
[debug] 
[debug] [2021-04-01T14:12:00.140Z] >>> [apiv2][query] GET https://firebase-public.firebaseio.com/cli.json [none]
[info] i  Firebase optionally collects CLI usage and error reporting information to help improve our products. Data is collected in accordance with Google's privacy policy (https://policies.google.com/privacy) and is not used to identify you.
 
[debug] [2021-04-01T14:12:01.969Z] <<< [apiv2][status] GET https://firebase-public.firebaseio.com/cli.json 200
[debug] [2021-04-01T14:12:01.969Z] <<< [apiv2][body] GET https://firebase-public.firebaseio.com/cli.json {"cloudBuildErrorAfter":1594252800000,"cloudBuildWarnAfter":1590019200000,"defaultNode10After":1594252800000,"minVersion":"3.0.5","node8DeploysDisabledAfter":1613390400000,"node8RuntimeDisabledAfter":1615809600000,"node8WarnAfter":1600128000000}
[info] 
[info] Visit this URL on this device to log in:
[info] https://accounts.google.com/o/oauth2/auth?client_id=563584335869-fgrhgmd47bqnekij5i8b5pr03ho849e6.apps.googleusercontent.com&scope=email%20openid%20https%3A%2F%2Fwww.googleapis.com%2Fauth%2Fcloudplatformprojects.readonly%20https%3A%2F%2Fwww.googleapis.com%2Fauth%2Ffirebase%20https%3A%2F%2Fwww.googleapis.com%2Fauth%2Fcloud-platform&response_type=code&state=828243843&redirect_uri=http%3A%2F%2Flocalhost%3A9005
[info] 
[info] Waiting for authentication...
[debug] [2021-04-01T14:13:48.602Z] ----------------------------------------------------------------------
[debug] [2021-04-01T14:13:48.607Z] Command:       /Users/rakuraku2563/.anyenv/envs/nodenv/versions/14.4.0/bin/node /usr/local/bin/firebase login
[debug] [2021-04-01T14:13:48.607Z] CLI Version:   9.8.0
[debug] [2021-04-01T14:13:48.607Z] Platform:      darwin
[debug] [2021-04-01T14:13:48.608Z] Node Version:  v14.4.0
[debug] [2021-04-01T14:13:48.608Z] Time:          Thu Apr 01 2021 23:13:48 GMT+0900 (日本標準時)
[debug] [2021-04-01T14:13:48.609Z] ----------------------------------------------------------------------
[debug] 
[info] i  Firebase optionally collects CLI usage and error reporting information to help improve our products. Data is collected in accordance with Google's privacy policy (https://policies.google.com/privacy) and is not used to identify you.
 
[info] 
[info] Visit this URL on this device to log in:
[info] https://accounts.google.com/o/oauth2/auth?client_id=563584335869-fgrhgmd47bqnekij5i8b5pr03ho849e6.apps.googleusercontent.com&scope=email%20openid%20https%3A%2F%2Fwww.googleapis.com%2Fauth%2Fcloudplatformprojects.readonly%20https%3A%2F%2Fwww.googleapis.com%2Fauth%2Ffirebase%20https%3A%2F%2Fwww.googleapis.com%2Fauth%2Fcloud-platform&response_type=code&state=389092271&redirect_uri=http%3A%2F%2Flocalhost%3A9005
[info] 
[info] Waiting for authentication...
